<?xml version="1.0" encoding="UTF-8"?>
<!-- Generated by org.testng.reporters.JUnitXMLReporter -->
<testsuite ignored="0" hostname="LAPTOP-LRF84BSB" failures="1" tests="3" name="ErrorValidation" time="31.848" errors="0" timestamp="2024-05-12T13:27:39 IST">
  <testcase classname="com.tests.ErrorValidation" name="errorValidation" time="0.986">
    <skipped/>
  </testcase> <!-- errorValidation -->
  <testcase classname="com.tests.ErrorValidation" name="errorValidation" time="0.38">
    <failure type="java.lang.AssertionError" message="expected [incorrect email or password.] but found [Incorrect email or password.]">
      <![CDATA[java.lang.AssertionError: expected [incorrect email or password.] but found [Incorrect email or password.]
at com.tests.ErrorValidation.errorValidation(ErrorValidation.java:24)
at java.base/java.util.ArrayList.forEach(ArrayList.java:1511)
at java.base/java.util.concurrent.FutureTask.run(FutureTask.java:264)
at java.base/java.util.concurrent.ThreadPoolExecutor.runWorker(ThreadPoolExecutor.java:1136)
at java.base/java.util.concurrent.ThreadPoolExecutor$Worker.run(ThreadPoolExecutor.java:635)
at java.base/java.lang.Thread.run(Thread.java:842)
... Removed 24 stack frames]]>
    </failure>
  </testcase> <!-- errorValidation -->
  <testcase classname="com.tests.ErrorValidation" name="test" time="3.63"/>
</testsuite> <!-- ErrorValidation -->
